[05-Nov-2018 20:40:50 UTC] PHP Fatal error:  Call to a member function prepare() on a non-object in /home/ubuntu/workspace/teamProject2/team9project/inc/functions_antonio.php on line 9
[05-Nov-2018 20:40:50 UTC] PHP Stack trace:
[05-Nov-2018 20:40:50 UTC] PHP   1. {main}() /home/ubuntu/workspace/teamProject2/team9project/inc/functions_antonio.php:0
[05-Nov-2018 20:40:50 UTC] PHP   2. displayMovieInfo() /home/ubuntu/workspace/teamProject2/team9project/inc/functions_antonio.php:36
[05-Nov-2018 20:44:16 UTC] PHP Fatal error:  Call to a member function prepare() on a non-object in /home/ubuntu/workspace/teamProject2/team9project/inc/functions_antonio.php on line 12
[05-Nov-2018 20:44:16 UTC] PHP Stack trace:
[05-Nov-2018 20:44:16 UTC] PHP   1. {main}() /home/ubuntu/workspace/teamProject2/team9project/inc/functions_antonio.php:0
[05-Nov-2018 20:44:16 UTC] PHP   2. displayMovieInfo() /home/ubuntu/workspace/teamProject2/team9project/inc/functions_antonio.php:39
[05-Nov-2018 20:45:17 UTC] PHP Fatal error:  Call to a member function prepare() on a non-object in /home/ubuntu/workspace/teamProject2/team9project/inc/functions_antonio.php on line 13
[05-Nov-2018 20:45:17 UTC] PHP Stack trace:
[05-Nov-2018 20:45:17 UTC] PHP   1. {main}() /home/ubuntu/workspace/teamProject2/team9project/inc/functions_antonio.php:0
[05-Nov-2018 20:45:17 UTC] PHP   2. displayMovieInfo() /home/ubuntu/workspace/teamProject2/team9project/inc/functions_antonio.php:40
[05-Nov-2018 20:46:05 UTC] PHP Fatal error:  Call to a member function prepare() on a non-object in /home/ubuntu/workspace/teamProject2/team9project/inc/functions_antonio.php on line 13
[05-Nov-2018 20:46:05 UTC] PHP Stack trace:
[05-Nov-2018 20:46:05 UTC] PHP   1. {main}() /home/ubuntu/workspace/teamProject2/team9project/inc/functions_antonio.php:0
[05-Nov-2018 20:46:05 UTC] PHP   2. displayMovieInfo() /home/ubuntu/workspace/teamProject2/team9project/inc/functions_antonio.php:40
[05-Nov-2018 20:48:15 UTC] PHP Fatal error:  Call to a member function prepare() on a non-object in /home/ubuntu/workspace/teamProject2/team9project/inc/functions_antonio.php on line 12
[05-Nov-2018 20:48:15 UTC] PHP Stack trace:
[05-Nov-2018 20:48:15 UTC] PHP   1. {main}() /home/ubuntu/workspace/teamProject2/team9project/inc/functions_antonio.php:0
[05-Nov-2018 20:48:15 UTC] PHP   2. displayMovieInfo() /home/ubuntu/workspace/teamProject2/team9project/inc/functions_antonio.php:39
[05-Nov-2018 21:27:24 UTC] PHP Warning:  include(./dbConnection.php): failed to open stream: No such file or directory in /home/ubuntu/workspace/team9project/inc/functions_maryann.php on line 5
[05-Nov-2018 21:27:24 UTC] PHP Stack trace:
[05-Nov-2018 21:27:24 UTC] PHP   1. {main}() /home/ubuntu/workspace/team9project/inc/functions_maryann.php:0
[05-Nov-2018 21:27:24 UTC] PHP Warning:  include(): Failed opening './dbConnection.php' for inclusion (include_path='.:/usr/share/php:/usr/share/pear') in /home/ubuntu/workspace/team9project/inc/functions_maryann.php on line 5
[05-Nov-2018 21:27:24 UTC] PHP Stack trace:
[05-Nov-2018 21:27:24 UTC] PHP   1. {main}() /home/ubuntu/workspace/team9project/inc/functions_maryann.php:0
[05-Nov-2018 21:27:24 UTC] PHP Fatal error:  Call to undefined function startConnection() in /home/ubuntu/workspace/team9project/inc/functions_maryann.php on line 6
[05-Nov-2018 21:27:24 UTC] PHP Stack trace:
[05-Nov-2018 21:27:24 UTC] PHP   1. {main}() /home/ubuntu/workspace/team9project/inc/functions_maryann.php:0
